<?xml version="1.0" encoding="UTF-8"?>
<!-- Generated by org.testng.reporters.JUnitReportReporter -->
<testsuite hostname="ATMECSINDT-049" name="Atmecs.UsingJenkins.TestClass" tests="1" failures="0" timestamp="5 Aug 2014 14:32:28 GMT" time="0.008" errors="0">
  <testcase name="draw" time="0.008" classname="Atmecs.UsingJenkins.TestClass"/>
</testsuite> <!-- Atmecs.UsingJenkins.TestClass -->
